#!/bin/sh
rm -rf data/test
# File to test memory 
# normal make valgrind
make valgrind 
make[1]: Entering directory '/thayerfs/home/f004ybx/cs50-dev/tse-zhoucaiNi/crawler'
valgrind ./crawler http://cs50tse.cs.dartmouth.edu/tse/letters/index.html data/test 3 
==21914== Memcheck, a memory error detector
==21914== Copyright (C) 2002-2017, and GNU GPL'd, by Julian Seward et al.
==21914== Using Valgrind-3.13.0 and LibVEX; rerun with -h for copyright info
==21914== Command: ./crawler http://cs50tse.cs.dartmouth.edu/tse/letters/index.html data/test 3
==21914== 
 0   Fetched: http://cs50tse.cs.dartmouth.edu/tse/letters/index.html
 0  Scanning: http://cs50tse.cs.dartmouth.edu/tse/letters/index.html
 1  Inserting: http://cs50tse.cs.dartmouth.edu/tse/letters/A.html
 1    Fetched: http://cs50tse.cs.dartmouth.edu/tse/letters/A.html
 1   Scanning: http://cs50tse.cs.dartmouth.edu/tse/letters/A.html
 2    IgnExtrn: https://en.wikipedia.org/wiki/Algorithm
 2   Inserting: http://cs50tse.cs.dartmouth.edu/tse/letters/B.html
 2     IgnDupl: http://cs50tse.cs.dartmouth.edu/tse/letters/index.html
 2     Fetched: http://cs50tse.cs.dartmouth.edu/tse/letters/B.html
 2    Scanning: http://cs50tse.cs.dartmouth.edu/tse/letters/B.html
 3     IgnExtrn: https://en.wikipedia.org/wiki/Breadth-first_search
 3    Inserting: http://cs50tse.cs.dartmouth.edu/tse/letters/C.html
 3    Inserting: http://cs50tse.cs.dartmouth.edu/tse/letters/D.html
 3    Inserting: http://cs50tse.cs.dartmouth.edu/tse/letters/E.html
 3      IgnDupl: http://cs50tse.cs.dartmouth.edu/tse/letters/index.html
 3      Fetched: http://cs50tse.cs.dartmouth.edu/tse/letters/E.html
 3      Fetched: http://cs50tse.cs.dartmouth.edu/tse/letters/D.html
 3      Fetched: http://cs50tse.cs.dartmouth.edu/tse/letters/C.html
==21914== 
==21914== HEAP SUMMARY:
==21914==     in use at exit: 0 bytes in 0 blocks
==21914==   total heap usage: 1,054 allocs, 1,054 frees, 271,157 bytes allocated
==21914== 
==21914== All heap blocks were freed -- no leaks are possible
==21914== 
==21914== For counts of detected and suppressed errors, rerun with: -v
==21914== ERROR SUMMARY: 0 errors from 0 contexts (suppressed: 0 from 0)
make[1]: Leaving directory '/thayerfs/home/f004ybx/cs50-dev/tse-zhoucaiNi/crawler'

# invalid arg valgrind 
valgrind ./crawler NULL NULL NULL
==22041== Memcheck, a memory error detector
==22041== Copyright (C) 2002-2017, and GNU GPL'd, by Julian Seward et al.
==22041== Using Valgrind-3.13.0 and LibVEX; rerun with -h for copyright info
==22041== Command: ./crawler NULL NULL NULL
==22041== 
URL not internal
==22041== 
==22041== HEAP SUMMARY:
==22041==     in use at exit: 0 bytes in 0 blocks
==22041==   total heap usage: 0 allocs, 0 frees, 0 bytes allocated
==22041== 
==22041== All heap blocks were freed -- no leaks are possible
==22041== 
==22041== For counts of detected and suppressed errors, rerun with: -v
==22041== ERROR SUMMARY: 0 errors from 0 contexts (suppressed: 0 from 0)

# invalid dir
valgrind ./crawler http://cs50tse.cs.dartmouth.edu/tse/letters/index.html invalid_dir 5
==22073== Memcheck, a memory error detector
==22073== Copyright (C) 2002-2017, and GNU GPL'd, by Julian Seward et al.
==22073== Using Valgrind-3.13.0 and LibVEX; rerun with -h for copyright info
==22073== Command: ./crawler http://cs50tse.cs.dartmouth.edu/tse/letters/index.html invalid_dir 5
==22073== 
Invalid pageDirectory
==22073== 
==22073== HEAP SUMMARY:
==22073==     in use at exit: 0 bytes in 0 blocks
==22073==   total heap usage: 8 allocs, 8 frees, 734 bytes allocated
==22073== 
==22073== All heap blocks were freed -- no leaks are possible
==22073== 
==22073== For counts of detected and suppressed errors, rerun with: -v
==22073== ERROR SUMMARY: 0 errors from 0 contexts (suppressed: 0 from 0)

# depth range out of bound
valgrind ./crawler http://cs50tse.cs.dartmouth.edu/tse/letters/index.html data/test 45
==22100== Memcheck, a memory error detector
==22100== Copyright (C) 2002-2017, and GNU GPL'd, by Julian Seward et al.
==22100== Using Valgrind-3.13.0 and LibVEX; rerun with -h for copyright info
==22100== Command: ./crawler http://cs50tse.cs.dartmouth.edu/tse/letters/index.html data/test 45
==22100== 
maxDepth out of range | must be [0,10] 
==22100== 
==22100== HEAP SUMMARY:
==22100==     in use at exit: 0 bytes in 0 blocks
==22100==   total heap usage: 8 allocs, 8 frees, 732 bytes allocated
==22100== 
==22100== All heap blocks were freed -- no leaks are possible
==22100== 
==22100== For counts of detected and suppressed errors, rerun with: -v
==22100== ERROR SUMMARY: 0 errors from 0 contexts (suppressed: 0 from 0)

exit 0
